# JRE version: Java(TM) SE Runtime Environment (21.0.4+8) (build 21.0.4+8-LTS-274)
# Java VM: Java HotSpot(TM) 64-Bit Server VM (21.0.4+8-LTS-274, mixed mode, emulated-client, sharing, tiered, compressed oops, compressed class ptrs, g1 gc, windows-amd64)
GC Precious Log:
 CardTable entry size: 512
 Card Set container configuration: InlinePtr #cards 4 size 8 Array Of Cards #cards 16 size 48 Howl #buckets 8 coarsen threshold 3686 Howl Bitmap #cards 512 size 80 coarsen threshold 460 Card regions per heap region 1 cards per card region 4096
 CPUs: 12 total, 12 available
 Memory: 15741M
 Large Page Support: Disabled
 NUMA Support: Disabled
 Compressed Oops: Enabled (Zero based)
 Heap Region Size: 2M
 Heap Min Capacity: 8M
 Heap Initial Capacity: 246M
 Heap Max Capacity: 3936M
 Pre-touch: Disabled
 Parallel Workers: 10
 Concurrent Workers: 3
 Concurrent Refinement Workers: 10
 Periodic GC: Disabled
Heap:
 garbage-first heap   total 77824K, used 37558K [0x000000070a000000, 0x0000000800000000)
  region size 2048K, 11 young (22528K), 3 survivors (6144K)
 Metaspace       used 43616K, committed 44352K, reserved 1114112K
  class space    used 6106K, committed 6464K, reserved 1048576K
GC Heap History (16 events):
Event: 0.980 GC heap before
{Heap before GC invocations=0 (full 0):
 garbage-first heap   total 251904K, used 22528K [0x000000070a000000, 0x0000000800000000)
  region size 2048K, 11 young (22528K), 0 survivors (0K)
 Metaspace       used 6908K, committed 7232K, reserved 1114112K
  class space    used 827K, committed 960K, reserved 1048576K
}
Event: 0.987 GC heap after
{Heap after GC invocations=1 (full 0):
 garbage-first heap   total 251904K, used 6340K [0x000000070a000000, 0x0000000800000000)
  region size 2048K, 2 young (4096K), 2 survivors (4096K)
 Metaspace       used 6908K, committed 7232K, reserved 1114112K
  class space    used 827K, committed 960K, reserved 1048576K
}
Event: 1.748 GC heap before
{Heap before GC invocations=1 (full 0):
 garbage-first heap   total 251904K, used 30916K [0x000000070a000000, 0x0000000800000000)
  region size 2048K, 15 young (30720K), 2 survivors (4096K)
 Metaspace       used 12527K, committed 12992K, reserved 1114112K
  class space    used 1711K, committed 1920K, reserved 1048576K
}
Event: 1.754 GC heap after
{Heap after GC invocations=2 (full 0):
 garbage-first heap   total 251904K, used 8914K [0x000000070a000000, 0x0000000800000000)
  region size 2048K, 2 young (4096K), 2 survivors (4096K)
 Metaspace       used 12527K, committed 12992K, reserved 1114112K
  class space    used 1711K, committed 1920K, reserved 1048576K
}
Event: 2.389 GC heap before
{Heap before GC invocations=2 (full 0):
 garbage-first heap   total 251904K, used 47826K [0x000000070a000000, 0x0000000800000000)
  region size 2048K, 23 young (47104K), 2 survivors (4096K)
 Metaspace       used 21100K, committed 21504K, reserved 1114112K
  class space    used 2868K, committed 3008K, reserved 1048576K
}
Event: 2.394 GC heap after
{Heap after GC invocations=3 (full 0):
 garbage-first heap   total 251904K, used 10988K [0x000000070a000000, 0x0000000800000000)
  region size 2048K, 3 young (6144K), 3 survivors (6144K)
 Metaspace       used 21100K, committed 21504K, reserved 1114112K
  class space    used 2868K, committed 3008K, reserved 1048576K
}
Event: 5.826 GC heap before
{Heap before GC invocations=4 (full 0):
 garbage-first heap   total 55296K, used 49900K [0x000000070a000000, 0x0000000800000000)
  region size 2048K, 23 young (47104K), 3 survivors (6144K)
 Metaspace       used 25219K, committed 25728K, reserved 1114112K
  class space    used 3484K, committed 3712K, reserved 1048576K
}
Event: 5.834 GC heap after
{Heap after GC invocations=5 (full 0):
 garbage-first heap   total 63488K, used 14618K [0x000000070a000000, 0x0000000800000000)
  region size 2048K, 4 young (8192K), 4 survivors (8192K)
 Metaspace       used 25219K, committed 25728K, reserved 1114112K
  class space    used 3484K, committed 3712K, reserved 1048576K
}
Event: 6.204 GC heap before
{Heap before GC invocations=5 (full 0):
 garbage-first heap   total 63488K, used 43290K [0x000000070a000000, 0x0000000800000000)
  region size 2048K, 18 young (36864K), 4 survivors (8192K)
 Metaspace       used 27675K, committed 28160K, reserved 1114112K
  class space    used 3815K, committed 4032K, reserved 1048576K
}
Event: 6.214 GC heap after
{Heap after GC invocations=6 (full 0):
 garbage-first heap   total 63488K, used 15707K [0x000000070a000000, 0x0000000800000000)
  region size 2048K, 1 young (2048K), 1 survivors (2048K)
 Metaspace       used 27675K, committed 28160K, reserved 1114112K
  class space    used 3815K, committed 4032K, reserved 1048576K
}
Event: 6.801 GC heap before
{Heap before GC invocations=6 (full 0):
 garbage-first heap   total 63488K, used 50523K [0x000000070a000000, 0x0000000800000000)
  region size 2048K, 18 young (36864K), 1 survivors (2048K)
 Metaspace       used 32597K, committed 33216K, reserved 1114112K
  class space    used 4516K, committed 4800K, reserved 1048576K
}
Event: 6.810 GC heap after
{Heap after GC invocations=7 (full 0):
 garbage-first heap   total 63488K, used 19051K [0x000000070a000000, 0x0000000800000000)
  region size 2048K, 3 young (6144K), 3 survivors (6144K)
 Metaspace       used 32597K, committed 33216K, reserved 1114112K
  class space    used 4516K, committed 4800K, reserved 1048576K
}
Event: 7.143 GC heap before
{Heap before GC invocations=7 (full 0):
 garbage-first heap   total 63488K, used 39531K [0x000000070a000000, 0x0000000800000000)
  region size 2048K, 14 young (28672K), 3 survivors (6144K)
 Metaspace       used 35492K, committed 36096K, reserved 1114112K
  class space    used 4916K, committed 5184K, reserved 1048576K
}
Event: 7.153 GC heap after
{Heap after GC invocations=8 (full 0):
 garbage-first heap   total 63488K, used 20480K [0x000000070a000000, 0x0000000800000000)
  region size 2048K, 1 young (2048K), 1 survivors (2048K)
 Metaspace       used 35492K, committed 36096K, reserved 1114112K
  class space    used 4916K, committed 5184K, reserved 1048576K
}
Event: 7.856 GC heap before
{Heap before GC invocations=9 (full 0):
 garbage-first heap   total 63488K, used 53248K [0x000000070a000000, 0x0000000800000000)
  region size 2048K, 17 young (34816K), 1 survivors (2048K)
 Metaspace       used 41556K, committed 42240K, reserved 1114112K
  class space    used 5811K, committed 6144K, reserved 1048576K
}
Event: 7.863 GC heap after
{Heap after GC invocations=10 (full 0):
 garbage-first heap   total 77824K, used 23222K [0x000000070a000000, 0x0000000800000000)
  region size 2048K, 3 young (6144K), 3 survivors (6144K)
 Metaspace       used 41556K, committed 42240K, reserved 1114112K
  class space    used 5811K, committed 6144K, reserved 1048576K
}

